thread 'tests::assn' panicked at src/typechecker/check/coerce.rs:22:7:
not yet implemented: not extends error here: {string: [5]u32} and {string: [5]u32}

thread 'tests::bare_bones' panicked at src/typechecker/mod.rs:82:5:
not yet implemented

thread 'tests::base_main' panicked at src/typechecker/preprocess/mod.rs:55:38:
not yet implemented: preprocess block

thread 'tests::class_methods' panicked at src/main.rs:95:3:
compilation failed: expected an identifier

thread 'tests::codegen' panicked at src/typechecker/preprocess/mod.rs:42:35:
not yet implemented: preprocess variable

thread 'tests::control_flow' panicked at src/tokenizer/structs.rs:230:5:
not yet implemented

thread 'tests::counter' panicked at src/asterizer/ast/expression/atom/mod.rs:24:36:
not yet implemented

thread 'tests::counter_ns' panicked at src/asterizer/ast/expression/atom/mod.rs:24:36:
not yet implemented

thread 'tests::counter_ns' panicked at src/asterizer/ast/expression/atom/mod.rs:24:36:
not yet implemented

thread 'tests::extended_operators' panicked at src/asterizer/ast/expression/atom/mod.rs:24:36:
not yet implemented

thread 'tests::hello_world' panicked at src/asterizer/ast/expression/atom/mod.rs:24:36:
not yet implemented

thread 'tests::import_std' panicked at src/asterizer/ast/expression/atom/mod.rs:24:36:
not yet implemented

thread 'tests::message' panicked at src/typechecker/check/coerce.rs:22:7:
not yet implemented: not extends error here: {string: [5]u32} and {string: [5]u32}

thread 'tests::namespace_module' panicked at src/main.rs:93:3:
compilation failed: expected an identifier

thread 'tests::namespaces' panicked at src/typechecker/preprocess/mod.rs:195:41:
not yet implemented: preprocess namespace

thread 'tests::r#extern' panicked at src/asterizer/ast/expression/atom/mod.rs:24:36:
not yet implemented

thread 'tests::r#if' panicked at src/typechecker/preprocess/mod.rs:137:44:
not yet implemented

thread 'tests::read_source' panicked at src/asterizer/ast/expression/atom/mod.rs:24:36:
not yet implemented

thread 'tests::slice' panicked at src/asterizer/ast/expression/atom/mod.rs:24:36:
not yet implemented

thread 'tests::string_escapes' panicked at src/typechecker/check/coerce.rs:22:7:
not yet implemented: not extends error here: {string: [24]u32} and {string: [24]u32}

thread 'tests::struct_generic' panicked at src/asterizer/ast/expression/atom/mod.rs:24:36:
not yet implemented

thread 'tests::struct_stuff' panicked at src/typechecker/preprocess/mod.rs:195:41:
not yet implemented: preprocess namespace

thread 'tests::structs' panicked at src/asterizer/ast/expression/atom/mod.rs:24:36:
not yet implemented

thread 'tests::trait_imp' panicked at src/tokenizer/structs.rs:230:5:
not yet implemented

thread 'tests::type_alias' panicked at src/typechecker/mod.rs:82:5:
not yet implemented
